<?xml version="1.0" encoding="UTF-8"?>
<testsuite xmlns:xsi="http://www.w3.org/2001/XMLSchema-instance" xsi:noNamespaceSchemaLocation="https://maven.apache.org/surefire/maven-surefire-plugin/xsd/surefire-test-report-3.0.xsd" version="3.0" name="eDockets.cucumber.runner.JUnitRunnerTest" time="161.8" tests="2" errors="0" skipped="0" failures="0">
  <properties>
[...]
</properties>
  <testcase name="Verify Login and Logout Functionality of Edockets Application" classname="eDockets Cloud Project" time="120.391">
    <system-out><![CDATA[
@caseManagement
Scenario: Verify Login and Logout Functionality of Edockets Application # Features/caseMangement.feature:13

    browser name :chrome

  Given user is on Edockets Login Page                                  # eDockets.cucumber.stepdefinitions.LoginPageStepDefinition.user_is_on_edockets_login_page()
  And login details are                                                 # eDockets.cucumber.stepdefinitions.LoginPageStepDefinition.login_details_are(eDockets.cucumber.domainobjects.LoginDetails)
    | username           | password  |
    | ppalle@alncorp.com | P@ssw0rdS |
 INFO [main] (LoginPage.java:23)- Entered the username
 INFO [main] (LoginPage.java:29)- Entered the password
  When user enters the login details                                    # eDockets.cucumber.stepdefinitions.LoginPageStepDefinition.user_enters_the_login_details()
 INFO [main] (LoginPage.java:35)- Clicked on Login Button
  And clicks on Login Button                                            # eDockets.cucumber.stepdefinitions.LoginPageStepDefinition.clicks_on_login_button()
Expected Text :Welcome to eDockets.
 INFO [main] (CaseHomePage.java:24)- Verification of Welcome to eDockets text is done
  Then user should be able to login to Edockets Application             # eDockets.cucumber.stepdefinitions.CaseHomePageStepDefinition.user_should_be_able_to_login_to_edockets_application()
WebDriver couldn’t locate the element
 INFO [main] (CaseHomePage.java:28)- Clicked on User Profile
WebDriver couldn’t locate the element
 INFO [main] (CaseHomePage.java:33)- clicked on Logout Button
  When user clicks on Logout Button                                     # eDockets.cucumber.stepdefinitions.CaseHomePageStepDefinition.user_clicks_on_logout_button()
 INFO [main] (BasePage.java:879)- Actual Title is: ALN CLOUDAnd Expected Title is: Login\r\n Both are not equal."
  Then user should be navigated to Login Page                           # eDockets.cucumber.stepdefinitions.LoginPageStepDefinition.user_should_be_navigated_to_login_page()
PASSED

    closing the browser


    browser is closed

]]></system-out>
    <system-err><![CDATA[SLF4J: Failed to load class "org.slf4j.impl.StaticLoggerBinder".
SLF4J: Defaulting to no-operation (NOP) logger implementation
SLF4J: See http://www.slf4j.org/codes.html#StaticLoggerBinder for further details.
Starting ChromeDriver 105.0.5195.52 (412c95e518836d8a7d97250d62b29c2ae6a26a85-refs/branch-heads/5195@{#853}) on port 62800
Only local connections are allowed.
Please see https://chromedriver.chromium.org/security-considerations for suggestions on keeping ChromeDriver safe.
ChromeDriver was started successfully.
Sep 30, 2022 10:30:30 AM org.openqa.selenium.remote.ProtocolHandshake createSession
INFO: Detected dialect: W3C
Sep 30, 2022 10:30:31 AM org.openqa.selenium.devtools.CdpVersionFinder findNearestMatch
WARNING: Unable to find an exact match for CDP version 105, so returning the closest version found: a no-op implementation
Sep 30, 2022 10:30:31 AM org.openqa.selenium.devtools.CdpVersionFinder findNearestMatch
INFO: Unable to find CDP implementation matching 105.
Sep 30, 2022 10:30:31 AM org.openqa.selenium.chromium.ChromiumDriver lambda$new$3
WARNING: Unable to find version of CDP to use for . You may need to include a dependency on a specific version of the CDP using something similar to `org.seleniumhq.selenium:selenium-devtools-v86:4.1.1` where the version ("v86") matches the version of the chromium-based browser you're using and the version number of the artifact is the same as Selenium's.
]]></system-err>
  </testcase>
  <testcase name="Verify Client Creation Functionality" classname="eDockets Cloud Project" time="33.957">
    <system-out><![CDATA[
@caseManagement
Scenario: Verify Client Creation Functionality                         # Features/caseMangement.feature:24

    browser name :chrome

  Given user is on Edockets Login Page                                 # eDockets.cucumber.stepdefinitions.LoginPageStepDefinition.user_is_on_edockets_login_page()
  And login details are                                                # eDockets.cucumber.stepdefinitions.LoginPageStepDefinition.login_details_are(eDockets.cucumber.domainobjects.LoginDetails)
    | username           | password  |
    | ppalle@alncorp.com | P@ssw0rdS |
 INFO [main] (LoginPage.java:23)- Entered the username
 INFO [main] (LoginPage.java:29)- Entered the password
  When user enters the login details                                   # eDockets.cucumber.stepdefinitions.LoginPageStepDefinition.user_enters_the_login_details()
 INFO [main] (LoginPage.java:35)- Clicked on Login Button
  And clicks on Login Button                                           # eDockets.cucumber.stepdefinitions.LoginPageStepDefinition.clicks_on_login_button()
Expected Text :Welcome to eDockets.
 INFO [main] (CaseHomePage.java:24)- Verification of Welcome to eDockets text is done
  Then user should be able to login to Edockets Application            # eDockets.cucumber.stepdefinitions.CaseHomePageStepDefinition.user_should_be_able_to_login_to_edockets_application()
Page is Loading...
Page load is completed.
Time taken to load:0 days, 0 hours, 0 minutes, 0 seconds.
 INFO [main] (CaseHomePage.java:40)- Clicked on Create Button
  Given user clicks on Create Button                                   # eDockets.cucumber.stepdefinitions.CaseHomePageStepDefinition.user_clicks_on_create_button()
Page is Loading...
Page load is completed.
Time taken to load:0 days, 0 hours, 0 minutes, 0 seconds.
 INFO [main] (CaseHomePage.java:45)- Clicked on Client Button
  And user clicks on Client Button                                     # eDockets.cucumber.stepdefinitions.CaseHomePageStepDefinition.user_clicks_on_client_button()
 INFO [main] (ClientPage.java:31)- Clicked on ClientId field
 INFO [main] (ClientPage.java:33)- Entered the ClientId
 INFO [main] (ClientPage.java:39)- Clicked on ClientName field
 INFO [main] (ClientPage.java:41)- Entered the Client Name
 INFO [main] (ClientPage.java:47)- Clicked on Comments textbox
 INFO [main] (ClientPage.java:49)- Entered the comments
Page is Loading...
Page load is completed.
Time taken to load:0 days, 0 hours, 0 minutes, 0 seconds.
 INFO [main] (ClientPage.java:56)- Clicked on Status Dropdown
Page is Loading...
Page load is completed.
Time taken to load:0 days, 0 hours, 0 minutes, 0 seconds.
 INFO [main] (ClientPage.java:59)- Selected Active Option From Dropdown
  And user enters the client details                                   # eDockets.cucumber.stepdefinitions.ClientPageStepDefinition.user_enters_the_client_details()
 INFO [main] (ClientPage.java:73)- Clicked on Save Button
  When user clicks on Save Button                                      # eDockets.cucumber.stepdefinitions.ClientPageStepDefinition.user_clicks_on_save_button()
 INFO [main] (ClientPage.java:79)- Client Creation Success Message Verification is Done
  Then user able to view "Client added successfully." message in popup # eDockets.cucumber.stepdefinitions.ClientPageStepDefinition.user_able_to_view_message_in_popup(java.lang.String)
 INFO [main] (ClientPage.java:85)- Clicked on Ok Button
  And user clicks on Ok Button                                         # eDockets.cucumber.stepdefinitions.ClientPageStepDefinition.user_clicks_on_ok_button()
TtDUhbRR
 INFO [main] (ClientPage.java:92)- ExpectedClientId :TtDUhbRR
 INFO [main] (BasePage.java:202)- Actual Value :TtDUhbRR : bLBYkwG
Expected Text is present
 INFO [main] (ClientPage.java:95)- ClientId Verification is Done
 INFO [main] (ClientPage.java:102)- ExpectedClientName :bLBYkwG
 INFO [main] (BasePage.java:202)- Actual Value :TtDUhbRR : bLBYkwG
Expected Text is present
 INFO [main] (ClientPage.java:105)- ClientName Verification is Done
  Then verify the client name which was created                        # eDockets.cucumber.stepdefinitions.ClientPageStepDefinition.verify_the_client_name_which_was_created()
PASSED

    closing the browser


    browser is closed

]]></system-out>
    <system-err><![CDATA[Starting ChromeDriver 105.0.5195.52 (412c95e518836d8a7d97250d62b29c2ae6a26a85-refs/branch-heads/5195@{#853}) on port 59273
Only local connections are allowed.
Please see https://chromedriver.chromium.org/security-considerations for suggestions on keeping ChromeDriver safe.
ChromeDriver was started successfully.
Sep 30, 2022 10:32:30 AM org.openqa.selenium.remote.ProtocolHandshake createSession
INFO: Detected dialect: W3C
Sep 30, 2022 10:32:30 AM org.openqa.selenium.devtools.CdpVersionFinder findNearestMatch
WARNING: Unable to find an exact match for CDP version 105, so returning the closest version found: a no-op implementation
Sep 30, 2022 10:32:30 AM org.openqa.selenium.devtools.CdpVersionFinder findNearestMatch
INFO: Unable to find CDP implementation matching 105.
Sep 30, 2022 10:32:30 AM org.openqa.selenium.chromium.ChromiumDriver lambda$new$3
WARNING: Unable to find version of CDP to use for . You may need to include a dependency on a specific version of the CDP using something similar to `org.seleniumhq.selenium:selenium-devtools-v86:4.1.1` where the version ("v86") matches the version of the chromium-based browser you're using and the version number of the artifact is the same as Selenium's.
]]></system-err>
  </testcase>
</testsuite>